04:45:58.124 INFO  google 壞與更壞 
04:46:01.361 INFO  getchord https://zh-hk.guitarians.com/chord/3998/林宥嘉-壞與更壞 
04:48:26.026 INFO  google 壞與更壞 
04:48:29.033 INFO  getchord https://zh-hk.guitarians.com/chord/3998/林宥嘉-壞與更壞 
04:49:09.181 INFO  getchord https://www.polygon.guitars/score/1661/壞與更壞 
04:49:14.823 INFO  getchord https://zh-hk.guitarians.com/chord/3998/林宥嘉-壞與更壞 
04:49:24.117 INFO  getchord https://zh-hk.guitarians.com/chord/3998/林宥嘉-壞與更壞 
04:52:52.852 INFO  getchord https://zh-hk.guitarians.com/chord/3998/林宥嘉-壞與更壞 
04:55:31.180 INFO  google eason chan 
04:55:36.818 INFO  google 單車 
04:55:45.575 INFO  getchord http://polygonguitar.blogspot.com/2012/01/d-bm-c-g-am-d7-d-bm-c.html 
04:56:53.167 INFO  google 紳士 
04:57:06.847 INFO  google 紳士 
04:57:09.949 INFO  getchord https://blog.xuite.net/anthelion/blog/455173730-薛之謙+-《紳士》Chord譜+和弦譜 
04:57:35.046 INFO  google 說謊 
04:57:47.509 INFO  getchord https://zh-hk.guitarians.com/chord/1375/林宥嘉-說謊 
04:58:13.288 INFO  getchord http://www.91pu.com.tw/song/2015/1009/892.html 
05:06:53.292 INFO  google eason chan 
05:07:14.728 INFO  google yoga lin 
05:07:25.216 INFO  getchord https://tabs.ultimate-guitar.com/tab/yoga-lin/douquan-chords-1812084 
05:54:33.128 INFO  google 頌讚詩 
05:54:34.846 INFO  getchord https://zh-hk.guitarians.com/chord/4524/林奕匡-頌讚詩 
06:01:02.134 INFO  google 林奕匡 
06:01:04.957 INFO  getchord https://zh-hk.guitarians.com/chord/4605/林奕匡-難得一遇 
06:01:22.353 INFO  google 難得一遇 
06:01:26.073 INFO  getchord https://www.polygon.guitars/score/1859/難得一遇 
06:01:42.435 INFO  getchord https://zh-hk.guitarians.com/chord/4605/林奕匡-難得一遇 
06:15:23.757 INFO  google 難得一遇 
06:15:33.178 INFO  getchord https://zh-hk.guitarians.com/chord/4605/林奕匡-難得一遇 
06:20:07.704 INFO  google 李白 
06:20:09.309 INFO  getchord https://zh-hk.guitarians.com/chord/2815/李榮浩-李白 
06:23:40.874 INFO  google 難得一遇 
06:23:43.101 INFO  getchord https://www.polygon.guitars/score/1859/難得一遇 
08:08:14.535 INFO  google 可惜不是你 
08:08:15.968 INFO  getchord https://zh-hk.guitarians.com/chord/2031/梁靜茹-可惜不是你 
08:08:45.931 INFO  getchord https://zh-hk.guitarians.com/chord/1062/梁靜茹-可惜不是你 
08:08:57.477 INFO  getchord https://www.polygon.guitars/score/1294/可惜不是你 
08:09:17.931 INFO  getchord https://www.91pu.com.tw/song/2018/0424/9568.html 
08:10:48.296 INFO  getchord https://www.polygon.guitars/score/1294/可惜不是你 
08:37:29.647 INFO  google 可惜不是你 
08:37:36.892 INFO  getchord https://www.91pu.com.tw/song/2018/0424/9568.html 
08:38:05.081 INFO  getchord https://www.polygon.guitars/score/1294/可惜不是你 
08:41:47.337 INFO  google 可惜不是你 
08:41:49.050 INFO  getchord https://zh-hk.guitarians.com/chord/2031/梁靜茹-可惜不是你 
08:45:50.361 INFO  google 你瞞我瞞 
08:45:51.701 INFO  getchord https://zh-hk.guitarians.com/chord/1117/陳柏宇-你瞞我瞞 
08:59:35.700 INFO  google 你要的全拿走 
08:59:37.145 INFO  getchord https://www.polygon.guitars/score/4339/你要的全拿走 
09:51:51.831 INFO  google eason chan 
09:51:53.618 INFO  getchord https://www.polygon.guitars/score/4178/漸漸 
10:08:26.264 INFO  google eason chan 
10:08:27.811 INFO  google eason chan[ 
10:08:38.122 INFO  getchord https://www.polygon.guitars/score/4178/漸漸 
10:12:08.021 INFO  google eason chan 
10:12:09.519 INFO  getchord https://www.polygon.guitars/score/4178/漸漸 
10:16:47.021 INFO  google eason chan 
10:16:48.799 INFO  getchord https://www.polygon.guitars/score/4178/漸漸 
10:18:53.859 INFO  google eason  cahn 
10:18:55.603 INFO  getchord https://www.polygon.guitars/score/4178/漸漸 
10:21:28.919 INFO  google easopn chan 
10:21:30.176 INFO  getchord https://www.polygon.guitars/score/4178/漸漸 
10:22:41.690 INFO  google eason chan 
10:22:44.475 INFO  getchord https://www.polygon.guitars/score/4178/漸漸 
10:24:07.090 INFO  google eason chan 
10:24:08.659 INFO  getchord https://www.polygon.guitars/score/4178/漸漸 
13:32:43.367 INFO  google 我們 
13:32:45.034 INFO  getchord https://zh-hk.guitarians.com/chord/32882/陳奕迅-我們 
14:49:30.502 INFO  google 可惜不是你 
14:49:32.119 INFO  getchord https://zh-hk.guitarians.com/chord/2031/梁靜茹-可惜不是你 
20:47:52.454 INFO  google eason chan 
20:47:58.232 INFO  google eason chan xuite 
20:48:00.683 INFO  getchord https://blog.xuite.net/anthelion/blog/311982853-陳奕迅+Eason+Chan+-《無條件》Chord譜+和弦譜 
20:54:14.711 INFO  google eason chan xuite 
20:54:17.390 INFO  getchord https://blog.xuite.net/anthelion/blog/311982853-陳奕迅+Eason+Chan+-《無條件》Chord譜+和弦譜 
20:55:18.437 INFO  google eason 
20:55:31.500 INFO  google eason chan xu ite 
20:55:35.159 INFO  getchord https://blog.xuite.net/anthelion/blog/464184631-Eason+Chan+陳奕迅+-《演唱會》Chord譜+和弦譜 
20:55:49.733 INFO  google eason chan xuite 
20:55:54.284 INFO  getchord https://blog.xuite.net/anthelion/blog/311982853-陳奕迅+Eason+Chan+-《無條件》Chord譜+和弦譜 
20:56:59.490 INFO  google eason chan xuite 
20:57:01.214 INFO  getchord https://blog.xuite.net/anthelion/blog/311982853-陳奕迅+Eason+Chan+-《無條件》Chord譜+和弦譜 
20:57:27.580 INFO  google eason chan xuite 
20:57:30.133 INFO  getchord https://blog.xuite.net/anthelion/blog/311982853-陳奕迅+Eason+Chan+-《無條件》Chord譜+和弦譜 
20:57:50.407 INFO  google eason chan xuite 
20:57:51.719 INFO  google eason chan xuite 
20:57:53.870 INFO  getchord https://blog.xuite.net/anthelion/blog/311982853-陳奕迅+Eason+Chan+-《無條件》Chord譜+和弦譜 
21:00:23.591 INFO  google eason chan xuite 
21:00:25.695 INFO  getchord https://blog.xuite.net/anthelion/blog/311982853-陳奕迅+Eason+Chan+-《無條件》Chord譜+和弦譜 
04:09:17.050 INFO  google 無條件 
04:09:17.692 INFO  google 無條件 
04:09:27.144 INFO  google 無條件 xuite 
04:09:27.676 INFO  google 無條件 xuite 
04:09:36.486 INFO  google 無條件 xuite 
04:09:39.593 INFO  google 無條件 
04:09:43.667 INFO  getchord https://daydayguitar.blogspot.com/2015/04/jzGaS5kWj0U.html 
04:12:50.838 INFO  google eason chan 
04:12:53.548 INFO  getchord https://www.polygon.guitars/score/4178/漸漸 
04:13:05.383 INFO  getchord https://zh-hk.guitarians.com/chord/28812/陳奕迅-我們 
04:13:12.338 INFO  getchord https://blog.xuite.net/anthelion/blog/311982853-陳奕迅+Eason+Chan+-《無條件》Chord譜+和弦譜 
04:14:05.742 INFO  getchord https://tabs.ultimate-guitar.com/tab/2431815 
04:14:21.490 INFO  getchord https://www.91pu.com.tw/song/2017/0111/5666.html 
04:14:27.819 INFO  getchord https://blog.xuite.net/anthelion/blog/464184631-Eason+Chan+陳奕迅+-《演唱會》Chord譜+和弦譜 
04:15:31.159 INFO  google guitrain 
04:15:35.560 INFO  google guitarian 
04:15:40.490 INFO  getchord https://blog.xuite.net/anthelion/blog/256109329-周杰倫+-《一路向北》Chord譜+和弦譜 
04:18:00.620 INFO  google 銀河修理員 
04:18:01.125 INFO  google 銀河修理員 
04:18:02.946 INFO  getchord https://zh-hk.guitarians.com/chord/97570/Dear-Jane-銀河修理員 
00:07:12.072 INFO  google taylor 
00:07:15.592 INFO  getchord https://tabs.ultimate-guitar.com/tab/jack-johnson/taylor-chords-270021 
04:08:29.484 INFO  google polygon eason 
04:08:32.273 INFO  getchord http://polygonguitar.blogspot.com/2016/09/chord_16.html 
04:09:17.889 INFO  google polygon eason 
04:09:20.291 INFO  getchord https://www.polygon.guitars/score/4178/漸漸 
04:35:22.422 INFO  google eason chan chord4 
04:35:24.664 INFO  getchord https://chord4.com/tabs/27331 
04:58:58.630 INFO  google hins cheung chord4 
04:59:08.300 INFO  getchord https://www.polygon.guitars/score/4020/缺 
04:25:01.680 INFO  google 將故事寫成我們 
04:25:05.095 INFO  getchord https://chord4.com/tabs/30719 
04:25:10.923 INFO  google 將故事寫成我們 
04:25:11.321 INFO  google 將故事寫成我們 
04:25:11.747 INFO  google 將故事寫成我們 
04:25:14.613 INFO  getchord https://tabs.ultimate-guitar.com/tab/3071981 
04:32:06.944 INFO  getchord https://www.91pu.com.tw/song/2019/0923/11868.html 
04:41:46.674 INFO  google 張敬軒 
04:41:57.124 INFO  getchord https://www.91pu.com.tw/song/2016/0323/2981.html 
04:42:25.545 INFO  google 張敬軒 斷點 
04:42:26.776 INFO  getchord https://zh-hk.guitarians.com/chord/688/張敬軒-斷點 
04:43:08.454 INFO  getchord https://www.91pu.com.tw/song/2015/0820/547.html 
04:49:07.706 INFO  google 春秋 
04:49:08.356 INFO  google 春秋 
04:49:11.984 INFO  getchord https://zh-hk.guitarians.com/chord/1291/張敬軒-春秋 
04:50:58.419 INFO  google 笑忘書 
04:50:59.659 INFO  getchord https://zh-hk.guitarians.com/chord/686/張敬軒-笑忘書 
04:54:37.453 INFO  google 靈魂相認 
04:54:40.530 INFO  getchord https://zh-hk.guitarians.com/chord/1461/張敬軒-靈魂相認 
04:59:42.273 INFO  google 靈魂相認 
04:59:43.859 INFO  getchord https://zh-hk.guitarians.com/chord/1461/張敬軒-靈魂相認 
05:01:26.488 INFO  google 浮誇 
05:01:28.129 INFO  getchord https://zh-hk.guitarians.com/chord/1250/陳奕迅-浮誇 
05:07:28.525 INFO  google 陳奕迅 
05:08:29.161 INFO  getchord https://www.polygon.guitars/score/4178/漸漸 
05:08:41.149 INFO  google 我們萬 
05:09:02.245 INFO  google 我們萬歲 
05:09:04.578 INFO  getchord https://zh-hk.guitarians.com/chord/47582/陳奕迅-我們萬歲 
18:56:26.275 INFO  google eason chan 
18:56:28.396 INFO  getchord http://polygonguitar.blogspot.com/2013/01/blog-post_1.html 
18:56:40.493 INFO  google eason chan 
18:56:44.085 INFO  getchord https://www.polygon.guitars/score/4178/漸漸 
18:58:08.784 INFO  google 漸漸 
18:58:10.981 INFO  getchord https://www.polygon.guitars/score/4178/漸漸 
19:00:29.598 INFO  google 漸漸 
19:00:30.883 INFO  getchord https://www.polygon.guitars/score/4178/漸漸 
04:32:41.109 INFO  google eason chan 
04:51:06.159 INFO  google adsf 
04:51:32.812 INFO  google sdf 
04:52:58.505 INFO  google dfg 
04:53:41.743 INFO  google asdf 
04:58:25.527 INFO  google asdf 
04:58:47.738 INFO  google adsfadf 
04:58:51.815 INFO  google adsfadf 
04:59:09.429 INFO  google asdf 
05:01:48.024 INFO  google asdfadsf 
05:02:59.763 INFO  google eason chan 
05:06:53.310 INFO  google asdfa 
05:06:53.510 INFO  google asdfasdf 
05:06:57.751 INFO  google eason chan 
05:07:36.061 INFO  google eason chan 
05:08:45.990 INFO  google 張敬軒 
05:08:50.484 INFO  getchord https://zh-hk.guitarians.com/chord/17152/張敬軒-春秋 
05:12:43.653 INFO  google eason chan 
05:14:33.916 INFO  google asdf 
05:14:38.631 INFO  google eason chan 
05:14:43.742 INFO  google eason chan 
05:16:13.894 INFO  google asdf 
05:16:18.943 INFO  google asdf 
05:16:25.320 INFO  google eason chan 
05:16:28.492 INFO  getchord https://zh-hk.guitarians.com/chord/28812/陳奕迅-我們 
05:16:31.371 INFO  getchord https://zh-hk.guitarians.com/chord/28812/陳奕迅-我們 
05:16:34.219 INFO  getchord https://zh-hk.guitarians.com/chord/28812/陳奕迅-我們 
05:16:57.826 INFO  getchord https://www.polygon.guitars/score/4178/漸漸 
05:18:07.788 INFO  google eason chan 
05:18:10.113 INFO  getchord https://tabs.ultimate-guitar.com/tab/2431815 
05:18:27.866 INFO  google eason chan. 
05:18:31.749 INFO  getchord https://www.polygon.guitars/score/4178/漸漸 
05:19:16.167 INFO  google eason chan 
05:19:45.615 INFO  google eason cahn 
05:19:48.404 INFO  getchord https://tabs.ultimate-guitar.com/tab/2431815 
05:20:03.903 INFO  google eason chan 
05:20:06.954 INFO  getchord https://tabs.ultimate-guitar.com/tab/2431815 
05:20:26.086 INFO  google eason chan 
05:20:28.833 INFO  getchord https://tabs.ultimate-guitar.com/tab/2431815 
05:20:59.821 INFO  google eason chan 
05:21:01.797 INFO  getchord https://tabs.ultimate-guitar.com/tab/2431815 
05:21:17.949 INFO  google eason chan 
05:21:22.184 INFO  getchord https://zh-hk.guitarians.com/chord/28812/陳奕迅-我們 
05:24:31.215 INFO  google eason chan 
05:26:04.540 INFO  google 笑忘書 
05:26:53.303 INFO  google 笑忘書 
05:27:01.291 INFO  getchord https://zh-hk.guitarians.com/chord/686/張敬軒-笑忘書 
01:38:57.421 INFO  google 七折 
01:39:03.177 INFO  getchord https://zh-hk.guitarians.com/chord/74223/陳柏宇-七折 
01:40:13.846 INFO  getchord https://zh-hk.guitarians.com/chord/78220/陳柏宇-七折 
02:19:55.684 INFO  google hings cheung 
02:19:58.323 INFO  getchord https://www.polygon.guitars/score/4020/缺 
02:21:06.396 INFO  google hins cheung 
02:21:09.133 INFO  getchord https://www.polygon.guitars/score/4020/缺 
04:56:32.808 INFO  google 七折 
04:56:34.525 INFO  getchord https://zh-hk.guitarians.com/chord/74223/陳柏宇-七折 
04:56:45.090 INFO  google 七折 
04:56:46.498 INFO  getchord https://zh-hk.guitarians.com/chord/74223/陳柏宇-七折 
03:13:37.749 INFO  google 十年 
03:13:39.522 INFO  getchord https://zh-hk.guitarians.com/chord/46076/陈奕迅-十年 
03:15:44.678 INFO  google 十年 
03:15:46.142 INFO  getchord https://zh-hk.guitarians.com/chord/46076/陈奕迅-十年 
03:39:41.444 INFO  google 十年 
03:39:43.420 INFO  getchord https://zh-hk.guitarians.com/chord/46076/陈奕迅-十年 
03:41:08.923 INFO  google 十年 
03:41:10.199 INFO  getchord https://zh-hk.guitarians.com/chord/46076/陈奕迅-十年 
03:43:23.613 INFO  google 十年 
03:43:24.838 INFO  getchord https://zh-hk.guitarians.com/chord/46076/陈奕迅-十年 
03:53:29.643 INFO  google 十年 
03:53:31.462 INFO  getchord https://zh-hk.guitarians.com/chord/46076/陈奕迅-十年 
03:55:11.586 INFO  google 十年 
03:55:13.163 INFO  google 十年 
03:55:16.541 INFO  getchord https://zh-hk.guitarians.com/chord/46076/陈奕迅-十年 
04:21:37.303 INFO  google 十年 
04:21:38.918 INFO  getchord https://zh-hk.guitarians.com/chord/46076/陈奕迅-十年 
04:22:40.500 INFO  google 十年 
04:22:41.751 INFO  getchord https://zh-hk.guitarians.com/chord/46076/陈奕迅-十年 
04:24:46.830 INFO  google 十年 
04:24:48.129 INFO  getchord https://zh-hk.guitarians.com/chord/46076/陈奕迅-十年 
04:28:16.782 INFO  google 十年 
04:28:18.507 INFO  getchord https://zh-hk.guitarians.com/chord/46076/陈奕迅-十年 
04:34:29.227 INFO  google 十年 
04:34:31.792 INFO  getchord https://zh-hk.guitarians.com/chord/46076/陈奕迅-十年 
05:00:08.721 INFO  google 十年 
05:00:10.598 INFO  getchord https://zh-hk.guitarians.com/chord/46076/陈奕迅-十年 
05:01:13.714 INFO  google 月如一弓口人 
05:01:15.832 INFO  google 月如歌 
05:01:17.726 INFO  getchord http://polygonguitar.blogspot.com/2012/07/chord_4583.html 
05:01:23.503 INFO  google 月如歌 
05:01:24.861 INFO  getchord https://www.polygon.guitars/score/300/歲月如歌 
11:56:20.686 INFO  google 那些你很 
11:56:22.866 INFO  getchord https://www.polygon.guitars/score/3979/CHORD 
12:04:30.898 INFO  google 那些你很 
12:04:34.782 INFO  getchord https://www.polygon.guitars/score/3979/CHORD 
12:04:50.558 INFO  google 那些你很 
12:09:05.176 INFO  google 那些你 
12:13:33.296 INFO  google 月如歌 
12:13:37.104 INFO  getchord https://www.polygon.guitars/score/300/歲月如歌 
12:14:03.029 INFO  getchord http://polygonguitar.blogspot.com/2012/07/chord_4583.html 
12:18:11.700 INFO  google 月如歌 
12:20:10.973 INFO  google 月如歌 
12:20:22.467 INFO  getchord https://www.polygon.guitars/score/300/歲月如歌 
12:20:55.121 INFO  google 月如歌 
12:21:46.803 INFO  google 月如歌 
12:41:44.521 INFO  google 月如歌 
13:21:43.424 INFO  google 月如歌 
13:21:47.887 INFO  getchord https://www.polygon.guitars/score/300/歲月如歌 
13:22:03.609 INFO  getchord http://polygonguitar.blogspot.com/2012/07/chord_4583.html 
13:22:12.376 INFO  google 月如歌 
13:22:17.888 INFO  getchord https://www.polygon.guitars/score/300/歲月如歌 
13:22:31.858 INFO  getchord https://www.polygon.guitars/score/300/歲月如歌 
13:23:20.167 INFO  google 歲月如歌 
14:16:03.587 INFO  google 陀飛輪 - Album Version 
14:16:57.132 INFO  google 銀河修理員   --   Dear Jane 
14:17:59.136 INFO  google 銀河修理員 
14:19:42.824 INFO  google 銀河修理員   --   Dear Jane 
14:19:47.889 INFO  google 銀河修理員   --   Dear Jane 
14:20:14.266 INFO  google 銀河修理員   --   Dear Jane 
14:20:31.666 INFO  google 銀河修理員   --   Dear Jane 
14:20:39.198 INFO  google 想見你想見你想見你   --   八三夭樂團 
14:20:40.953 INFO  google 想見你想見你想見你   --   八三夭樂團 
14:20:43.134 INFO  google 想見你想見你想見你   --   八三夭樂團 
14:21:19.002 INFO  google 銀河修理員   --   Dear Jane 
14:25:00.849 INFO  google 銀河修理員   --   Dear Jane 
14:25:05.054 INFO  google 銀河修理員   --   Dear Jane 
14:26:17.622 INFO  google 想見你想見你想見你(電視劇"想見你"片尾曲) 
14:26:19.602 INFO  getchord http://www.91pu.com.tw/song/2019/1211/12185.html 
14:26:37.646 INFO  google 哪裡只得我共你 
14:26:39.988 INFO  getchord https://zh-hk.guitarians.com/chord/2371/Dear-Jane-哪裡只得我共你 
14:27:02.071 INFO  google 海闊天空 
14:27:04.053 INFO  getchord https://zh-hk.guitarians.com/chord/4038/Beyond-海闊天空 
15:23:24.692 INFO  google 張敬軒 
15:24:40.034 INFO  google 張敬軒 
15:24:54.122 INFO  google 百年樹木 
15:26:33.603 INFO  google 張敬軒 
16:29:15.126 INFO  google 歲月如歌 
16:29:25.454 INFO  getchord https://www.polygon.guitars/score/300/歲月如歌 
16:36:19.970 INFO  google 海闊天空 
16:36:23.527 INFO  getchord https://www.polygon.guitars/score/86/海闊天空 
16:36:36.269 INFO  google Yummy 
16:36:38.524 INFO  getchord https://tabs.ultimate-guitar.com/tab/justin-bieber/yummy-chords-2948417 
19:37:14.866 INFO  google 那些你很 
19:37:16.570 INFO  getchord https://zh-hk.guitarians.com/chord/61094/林俊傑-那些你很冒險的夢~ 
